This is pdfTeX, Version 3.1415926-2.5-1.40.14 (MiKTeX 2.9 64-bit) (preloaded format=pdflatex 2014.11.18)  23 JAN 2015 09:40
entering extended mode
**InteractiveWhiteboard.tex

(C:\Users\Administrator\Documents\GitHub\Papers\Meaw\OnlineInteractiveWhiteboar
d\meaw_onlineInteractiveWhiteboard\onlineInteractiveWhiteboard\InteractiveWhite
board.tex
LaTeX2e <2011/06/27>
Babel <v3.8m> and hyphenation patterns for english, afrikaans, ancientgreek, ar
abic, armenian, assamese, basque, bengali, bokmal, bulgarian, catalan, coptic, 
croatian, czech, danish, dutch, esperanto, estonian, farsi, finnish, french, ga
lician, german, german-x-2013-05-26, greek, gujarati, hindi, hungarian, iceland
ic, indonesian, interlingua, irish, italian, kannada, kurmanji, latin, latvian,
 lithuanian, malayalam, marathi, mongolian, mongolianlmc, monogreek, ngerman, n
german-x-2013-05-26, nynorsk, oriya, panjabi, pinyin, polish, portuguese, roman
ian, russian, sanskrit, serbian, slovak, slovenian, spanish, swedish, swissgerm
an, tamil, telugu, turkish, turkmen, ukenglish, ukrainian, uppersorbian, usengl
ishmax, welsh, loaded.
("C:\Program Files\MiKTeX 2.9\tex\latex\ieeetran\IEEEtran.cls"
Document Class: IEEEtran 2012/12/27 V1.8 by Michael Shell
-- See the "IEEEtran_HOWTO" manual for usage information.
-- http://www.michaelshell.org/tex/ieeetran/
\@IEEEtrantmpdimenA=\dimen102
\@IEEEtrantmpdimenB=\dimen103
\@IEEEtrantmpcountA=\count79
\@IEEEtrantmpcountB=\count80
\@IEEEtrantmptoksA=\toks14
LaTeX Font Info:    Try loading font information for OT1+ptm on input line 368.

("C:\Program Files\MiKTeX 2.9\tex\latex\psnfss\ot1ptm.fd"
File: ot1ptm.fd 2001/06/04 font definitions for OT1/ptm.
)
-- Using 8.5in x 11in (letter) paper.
-- Using PDF output.
\@IEEEnormalsizeunitybaselineskip=\dimen104
-- This is a 10 point document.
\CLASSINFOnormalsizebaselineskip=\dimen105
\CLASSINFOnormalsizeunitybaselineskip=\dimen106
\IEEEnormaljot=\dimen107
LaTeX Font Info:    Font shape `OT1/ptm/bx/n' in size <5> not available
(Font)              Font shape `OT1/ptm/b/n' tried instead on input line 726.
LaTeX Font Info:    Font shape `OT1/ptm/bx/it' in size <5> not available
(Font)              Font shape `OT1/ptm/b/it' tried instead on input line 726.
LaTeX Font Info:    Font shape `OT1/ptm/bx/n' in size <7> not available
(Font)              Font shape `OT1/ptm/b/n' tried instead on input line 726.
LaTeX Font Info:    Font shape `OT1/ptm/bx/it' in size <7> not available
(Font)              Font shape `OT1/ptm/b/it' tried instead on input line 726.
LaTeX Font Info:    Font shape `OT1/ptm/bx/n' in size <8> not available
(Font)              Font shape `OT1/ptm/b/n' tried instead on input line 726.
LaTeX Font Info:    Font shape `OT1/ptm/bx/it' in size <8> not available
(Font)              Font shape `OT1/ptm/b/it' tried instead on input line 726.
LaTeX Font Info:    Font shape `OT1/ptm/bx/n' in size <9> not available
(Font)              Font shape `OT1/ptm/b/n' tried instead on input line 726.
LaTeX Font Info:    Font shape `OT1/ptm/bx/it' in size <9> not available
(Font)              Font shape `OT1/ptm/b/it' tried instead on input line 726.
LaTeX Font Info:    Font shape `OT1/ptm/bx/n' in size <10> not available
(Font)              Font shape `OT1/ptm/b/n' tried instead on input line 726.
LaTeX Font Info:    Font shape `OT1/ptm/bx/it' in size <10> not available
(Font)              Font shape `OT1/ptm/b/it' tried instead on input line 726.
LaTeX Font Info:    Font shape `OT1/ptm/bx/n' in size <11> not available
(Font)              Font shape `OT1/ptm/b/n' tried instead on input line 726.
LaTeX Font Info:    Font shape `OT1/ptm/bx/it' in size <11> not available
(Font)              Font shape `OT1/ptm/b/it' tried instead on input line 726.
LaTeX Font Info:    Font shape `OT1/ptm/bx/n' in size <12> not available
(Font)              Font shape `OT1/ptm/b/n' tried instead on input line 726.
LaTeX Font Info:    Font shape `OT1/ptm/bx/it' in size <12> not available
(Font)              Font shape `OT1/ptm/b/it' tried instead on input line 726.
LaTeX Font Info:    Font shape `OT1/ptm/bx/n' in size <17> not available
(Font)              Font shape `OT1/ptm/b/n' tried instead on input line 726.
LaTeX Font Info:    Font shape `OT1/ptm/bx/it' in size <17> not available
(Font)              Font shape `OT1/ptm/b/it' tried instead on input line 726.
LaTeX Font Info:    Font shape `OT1/ptm/bx/n' in size <20> not available
(Font)              Font shape `OT1/ptm/b/n' tried instead on input line 726.
LaTeX Font Info:    Font shape `OT1/ptm/bx/it' in size <20> not available
(Font)              Font shape `OT1/ptm/b/it' tried instead on input line 726.
LaTeX Font Info:    Font shape `OT1/ptm/bx/n' in size <24> not available
(Font)              Font shape `OT1/ptm/b/n' tried instead on input line 726.
LaTeX Font Info:    Font shape `OT1/ptm/bx/it' in size <24> not available
(Font)              Font shape `OT1/ptm/b/it' tried instead on input line 726.
\IEEEilabelindentA=\dimen108
\IEEEilabelindentB=\dimen109
\IEEEilabelindent=\dimen110
\IEEEelabelindent=\dimen111
\IEEEdlabelindent=\dimen112
\IEEElabelindent=\dimen113
\IEEEiednormlabelsep=\dimen114
\IEEEiedmathlabelsep=\dimen115
\IEEEiedtopsep=\skip41
\c@section=\count81
\c@subsection=\count82
\c@subsubsection=\count83
\c@paragraph=\count84
\c@IEEEsubequation=\count85
\abovecaptionskip=\skip42
\belowcaptionskip=\skip43
\c@figure=\count86
\c@table=\count87
\@IEEEeqnnumcols=\count88
\@IEEEeqncolcnt=\count89
\@IEEEsubeqnnumrollback=\count90
\@IEEEtmpitemindent=\dimen116
\c@IEEEbiography=\count91
\@IEEEtranrubishbin=\box26
) ("C:\Program Files\MiKTeX 2.9\tex\latex\graphics\graphicx.sty"
Package: graphicx 1999/02/16 v1.0f Enhanced LaTeX Graphics (DPC,SPQR)

("C:\Program Files\MiKTeX 2.9\tex\latex\graphics\keyval.sty"
Package: keyval 1999/03/16 v1.13 key=value parser (DPC)
\KV@toks@=\toks15
)
("C:\Program Files\MiKTeX 2.9\tex\latex\graphics\graphics.sty"
Package: graphics 2009/02/05 v1.0o Standard LaTeX Graphics (DPC,SPQR)

("C:\Program Files\MiKTeX 2.9\tex\latex\graphics\trig.sty"
Package: trig 1999/03/16 v1.09 sin cos tan (DPC)
)
("C:\Program Files\MiKTeX 2.9\tex\latex\00miktex\graphics.cfg"
File: graphics.cfg 2007/01/18 v1.5 graphics configuration of teTeX/TeXLive
)
Package graphics Info: Driver file: pdftex.def on input line 91.

("C:\Program Files\MiKTeX 2.9\tex\latex\pdftex-def\pdftex.def"
File: pdftex.def 2011/05/27 v0.06d Graphics/color for pdfTeX

("C:\Program Files\MiKTeX 2.9\tex\generic\oberdiek\infwarerr.sty"
Package: infwarerr 2010/04/08 v1.3 Providing info/warning/error messages (HO)
)
("C:\Program Files\MiKTeX 2.9\tex\generic\oberdiek\ltxcmds.sty"
Package: ltxcmds 2011/11/09 v1.22 LaTeX kernel commands for general use (HO)
)
\Gread@gobject=\count92
))
\Gin@req@height=\dimen117
\Gin@req@width=\dimen118
)
("C:\Program Files\MiKTeX 2.9\tex\latex\tools\tabularx.sty"
Package: tabularx 1999/01/07 v2.07 `tabularx' package (DPC)

("C:\Program Files\MiKTeX 2.9\tex\latex\tools\array.sty"
Package: array 2008/09/09 v2.4c Tabular extension package (FMi)
\col@sep=\dimen119
\extrarowheight=\dimen120
\NC@list=\toks16
\extratabsurround=\skip44
\backup@length=\skip45
)
\TX@col@width=\dimen121
\TX@old@table=\dimen122
\TX@old@col=\dimen123
\TX@target=\dimen124
\TX@delta=\dimen125
\TX@cols=\count93
\TX@ftn=\toks17
)
(C:\Users\Administrator\Documents\GitHub\Papers\Meaw\OnlineInteractiveWhiteboar
d\meaw_onlineInteractiveWhiteboard\onlineInteractiveWhiteboard\InteractiveWhite
board.aux

LaTeX Warning: Label `tab:1' multiply defined.

)
LaTeX Font Info:    Checking defaults for OML/cmm/m/it on input line 14.
LaTeX Font Info:    ... okay on input line 14.
LaTeX Font Info:    Checking defaults for T1/cmr/m/n on input line 14.
LaTeX Font Info:    ... okay on input line 14.
LaTeX Font Info:    Checking defaults for OT1/cmr/m/n on input line 14.
LaTeX Font Info:    ... okay on input line 14.
LaTeX Font Info:    Checking defaults for OMS/cmsy/m/n on input line 14.
LaTeX Font Info:    ... okay on input line 14.
LaTeX Font Info:    Checking defaults for OMX/cmex/m/n on input line 14.
LaTeX Font Info:    ... okay on input line 14.
LaTeX Font Info:    Checking defaults for U/cmr/m/n on input line 14.
LaTeX Font Info:    ... okay on input line 14.
 ("C:\Program Files\MiKTeX 2.9\tex\context\base\supp-pdf.mkii"
[Loading MPS to PDF converter (version 2006.09.02).]
\scratchcounter=\count94
\scratchdimen=\dimen126
\scratchbox=\box27
\nofMPsegments=\count95
\nofMParguments=\count96
\everyMPshowfont=\toks18
\MPscratchCnt=\count97
\MPscratchDim=\dimen127
\MPnumerator=\count98
\makeMPintoPDFobject=\count99
\everyMPtoPDFconversion=\toks19
)
Missing character: There is no â in font ptmr7t!
Missing character: There is no € in font ptmr7t!
Missing character: There is no ™ in font ptmr7t!
 [1{C:/ProgramData/MiKTeX/2.9/pdftex/config/pdftex.map}


]
<iw_system_overview.png, id=9, 699.5736pt x 520.344pt>
File: iw_system_overview.png Graphic file (type png)

<use iw_system_overview.png>
Package pdftex.def Info: iw_system_overview.png used on input line 147.
(pdftex.def)             Requested size: 361.19843pt x 268.659pt.

Underfull \hbox (badness 10000) in paragraph at lines 185--185
[]|\OT1/ptm/m/n/8 HTTP, Tel-net,
 []


Underfull \hbox (badness 10000) in paragraph at lines 185--185
\OT1/ptm/m/n/8 FTP, TFTP,
 []


Underfull \hbox (badness 10000) in paragraph at lines 185--185
[]|\OT1/ptm/m/n/8 Provides com-mu-ni-ca-tion ses-sion
 []


Underfull \hbox (badness 2707) in paragraph at lines 185--185
\OT1/ptm/m/n/8 De-fines the level of ser-vice and
 []


Underfull \hbox (badness 2334) in paragraph at lines 185--185
[]|\OT1/ptm/m/n/8 Packages data into IP data-grams,
 []


Underfull \hbox (badness 1365) in paragraph at lines 185--185
[]|\OT1/ptm/m/n/8 IP, ICMP, ARP,
 []


Underfull \hbox (badness 10000) in paragraph at lines 185--185
[]|\OT1/ptm/m/n/8 Ethernet, To-ken
 []


Underfull \hbox (badness 10000) in paragraph at lines 185--185
\OT1/ptm/m/n/8 Ring, FDDI,
 []


Underfull \hbox (badness 10000) in paragraph at lines 185--185
\OT1/ptm/m/n/8 X.25, Frame
 []


Underfull \hbox (badness 10000) in paragraph at lines 185--185
\OT1/ptm/m/n/8 Re-lay, RS-232,
 []


Underfull \hbox (badness 10000) in alignment at lines 185--185
[][][] 
 []


Overfull \hbox (6.0pt too wide) in paragraph at lines 185--187
[][]
 []


Underfull \hbox (badness 10000) in paragraph at lines 185--187

 []

<iw_stroke_transmission.png, id=10, 433.1382pt x 209.1012pt>
File: iw_stroke_transmission.png Graphic file (type png)

<use iw_stroke_transmission.png>
Package pdftex.def Info: iw_stroke_transmission.png used on input line 259.
(pdftex.def)             Requested size: 258.0pt x 124.55235pt.

Overfull \hbox (6.0pt too wide) in paragraph at lines 259--260
 [] 
 []


LaTeX Warning: `h' float specifier changed to `ht'.

[2]
! Undefined control sequence.
l.280 ...ng the initial information is called \emp
                                                  {Encrypted data or data En...
The control sequence at the end of the top line
of your error message was never \def'ed. If you have
misspelled it (e.g., `\hobx'), type `I' and the correct
spelling (e.g., `I\hbox'). Otherwise just continue,
and I'll forget about whatever was undefined.


Overfull \hbox (6.0pt too wide) in paragraph at lines 315--317
 [][] 
 []


LaTeX Warning: `h' float specifier changed to `ht'.

[3 <C:/Users/Administrator/Documents/GitHub/Papers/Meaw/OnlineInteractiveWhiteb
oard/meaw_onlineInteractiveWhiteboard/onlineInteractiveWhiteboard/iw_system_ove
rview.png (PNG copy)> <C:/Users/Administrator/Documents/GitHub/Papers/Meaw/Onli
neInteractiveWhiteboard/meaw_onlineInteractiveWhiteboard/onlineInteractiveWhite
board/iw_stroke_transmission.png>]
<iw_tcpip.png, id=19, 182.1204pt x 338.2236pt>
File: iw_tcpip.png Graphic file (type png)
 <use iw_tcpip.png>
Package pdftex.def Info: iw_tcpip.png used on input line 347.
(pdftex.def)             Requested size: 154.80157pt x 287.50174pt.


LaTeX Warning: `h' float specifier changed to `ht'.

<process.png, id=20, 716.9184pt x 631.6398pt>
File: process.png Graphic file (type png)
 <use process.png>
Package pdftex.def Info: process.png used on input line 354.
(pdftex.def)             Requested size: 412.80157pt x 363.70088pt.
 [4 <C:/Users/Administrator/Documents/GitHub/Papers/Meaw/OnlineInteractiveWhite
board/meaw_onlineInteractiveWhiteboard/onlineInteractiveWhiteboard/iw_tcpip.png
 (PNG copy)>]
Underfull \vbox (badness 10000) has occurred while \output is active []

 [5 <C:/Users/Administrator/Documents/GitHub/Papers/Meaw/OnlineInteractiveWhite
board/meaw_onlineInteractiveWhiteboard/onlineInteractiveWhiteboard/process.png 
(PNG copy)>]
Overfull \hbox (16.33324pt too wide) in paragraph at lines 409--410
\OT1/ptm/m/n/8 http://eebenbarlowsmilitaryandsecurityblog.blogspot.com/2009/06/
importance-
 []


** Conference Paper **
Before submitting the final camera ready copy, remember to:

 1. Manually equalize the lengths of two columns on the last page
 of your paper;

 2. Ensure that any PostScript and/or PDF output post-processing
 uses only Type 1 fonts and that every step in the generation
 process uses the appropriate paper size.

[6]
(C:\Users\Administrator\Documents\GitHub\Papers\Meaw\OnlineInteractiveWhiteboar
d\meaw_onlineInteractiveWhiteboard\onlineInteractiveWhiteboard\InteractiveWhite
board.aux)

LaTeX Warning: There were multiply-defined labels.

 ) 
Here is how much of TeX's memory you used:
 1948 strings out of 493921
 31041 string characters out of 3147257
 90972 words of memory out of 3000000
 5259 multiletter control sequences out of 15000+200000
 38797 words of font info for 72 fonts, out of 3000000 for 9000
 844 hyphenation exceptions out of 8191
 27i,9n,19p,1101b,253s stack positions out of 5000i,500n,10000p,200000b,50000s
{C:/Program Files/MiKTeX 2.9/fonts/enc/dvips/fontname/8r.enc}<C:/Program File
s/MiKTeX 2.9/fonts/type1/urw/times/utmb8a.pfb><C:/Program Files/MiKTeX 2.9/font
s/type1/urw/times/utmbi8a.pfb><C:/Program Files/MiKTeX 2.9/fonts/type1/urw/time
s/utmr8a.pfb><C:/Program Files/MiKTeX 2.9/fonts/type1/urw/times/utmri8a.pfb>
Output written on InteractiveWhiteboard.pdf (6 pages, 469015 bytes).
PDF statistics:
 44 PDF objects out of 1000 (max. 8388607)
 0 named destinations out of 1000 (max. 500000)
 21 words of extra memory for PDF output out of 10000 (max. 10000000)

